<?xml version="1.0" encoding="UTF-8"?>
<coverage generated="1708445561411" clover="3.2.0">
  <project timestamp="1708445561412" name="All files">
    <metrics statements="4" coveredstatements="4" conditionals="1" coveredconditionals="1" methods="2" coveredmethods="2" elements="7" coveredelements="7" complexity="0" loc="4" ncloc="4" packages="1" files="1" classes="1"/>
    <file name="extractSpecialAttacks.js" path="C:\Users\notebook\Desktop\Destructuring\src\extractSpecialAttacks.js">
      <metrics statements="4" coveredstatements="4" conditionals="1" coveredconditionals="1" methods="2" coveredmethods="2"/>
      <line num="2" count="3" type="stmt"/>
      <line num="7" count="4" type="stmt"/>
      <line num="15" count="1" type="stmt"/>
      <line num="37" count="1" type="stmt"/>
    </file>
  </project>
</coverage>
