{"C:\\Users\\notebook\\Desktop\\Destructuring\\src\\extractSpecialAttacks.js": {"path":"C:\\Users\\notebook\\Desktop\\Destructuring\\src\\extractSpecialAttacks.js","statementMap":{"0":{"start":{"line":2,"column":4},"end":{"line":12,"column":8}},"1":{"start":{"line":7,"column":11},"end":{"line":12,"column":5}},"2":{"start":{"line":15,"column":20},"end":{"line":35,"column":3}},"3":{"start":{"line":37,"column":2},"end":{"line":37,"column":48}}},"fnMap":{"0":{"name":"extractSpecialAttacks","decl":{"start":{"line":1,"column":24},"end":{"line":1,"column":45}},"loc":{"start":{"line":1,"column":59},"end":{"line":13,"column":3}},"line":1},"1":{"name":"(anonymous_1)","decl":{"start":{"line":2,"column":23},"end":{"line":2,"column":24}},"loc":{"start":{"line":7,"column":11},"end":{"line":12,"column":5}},"line":7}},"branchMap":{"0":{"loc":{"start":{"line":6,"column":6},"end":{"line":6,"column":41}},"type":"default-arg","locations":[{"start":{"line":6,"column":20},"end":{"line":6,"column":41}}],"line":6}},"s":{"0":3,"1":4,"2":1,"3":1},"f":{"0":3,"1":4},"b":{"0":[2]},"_coverageSchema":"1a1c01bbd47fc00a2c39e90264f33305004495a9","hash":"7b22da2fda40a45d0af1925fad05154e95157c36"}
}
